2023-04-15T00:31:19.348+05:30  INFO 7424 --- [restartedMain] c.t.b.BlogmanagementApplication          : Starting BlogmanagementApplication using Java 17.0.6 with PID 7424 (E:\SpringBoot\blog\blogmanagement\target\classes started by Abhishek Singh in E:\SpringBoot\blog\blogmanagement)
2023-04-15T00:31:19.355+05:30  INFO 7424 --- [restartedMain] c.t.b.BlogmanagementApplication          : No active profile set, falling back to 1 default profile: "default"
2023-04-15T00:31:19.487+05:30  INFO 7424 --- [restartedMain] .e.DevToolsPropertyDefaultsPostProcessor : Devtools property defaults active! Set 'spring.devtools.add-properties' to 'false' to disable
2023-04-15T00:31:19.488+05:30  INFO 7424 --- [restartedMain] .e.DevToolsPropertyDefaultsPostProcessor : For additional web related logging consider setting the 'logging.level.web' property to 'DEBUG'
2023-04-15T00:31:20.985+05:30  INFO 7424 --- [restartedMain] .s.d.r.c.RepositoryConfigurationDelegate : Bootstrapping Spring Data JPA repositories in DEFAULT mode.
2023-04-15T00:31:21.152+05:30  INFO 7424 --- [restartedMain] .s.d.r.c.RepositoryConfigurationDelegate : Finished Spring Data repository scanning in 147 ms. Found 6 JPA repository interfaces.
2023-04-15T00:31:22.351+05:30  INFO 7424 --- [restartedMain] o.s.b.w.embedded.tomcat.TomcatWebServer  : Tomcat initialized with port(s): 8080 (http)
2023-04-15T00:31:22.387+05:30  INFO 7424 --- [restartedMain] o.apache.catalina.core.StandardService   : Starting service [Tomcat]
2023-04-15T00:31:22.389+05:30  INFO 7424 --- [restartedMain] o.apache.catalina.core.StandardEngine    : Starting Servlet engine: [Apache Tomcat/10.1.4]
2023-04-15T00:31:22.604+05:30  INFO 7424 --- [restartedMain] o.a.c.c.C.[Tomcat].[localhost].[/]       : Initializing Spring embedded WebApplicationContext
2023-04-15T00:31:22.605+05:30  INFO 7424 --- [restartedMain] w.s.c.ServletWebServerApplicationContext : Root WebApplicationContext: initialization completed in 3113 ms
2023-04-15T00:31:22.967+05:30  INFO 7424 --- [restartedMain] o.hibernate.jpa.internal.util.LogHelper  : HHH000204: Processing PersistenceUnitInfo [name: default]
2023-04-15T00:31:23.065+05:30  INFO 7424 --- [restartedMain] org.hibernate.Version                    : HHH000412: Hibernate ORM core version 6.1.6.Final
2023-04-15T00:31:23.372+05:30  WARN 7424 --- [restartedMain] org.hibernate.orm.deprecation            : HHH90000021: Encountered deprecated setting [javax.persistence.sharedCache.mode], use [jakarta.persistence.sharedCache.mode] instead
2023-04-15T00:31:23.663+05:30  INFO 7424 --- [restartedMain] com.zaxxer.hikari.HikariDataSource       : HikariPool-1 - Starting...
2023-04-15T00:31:24.352+05:30  INFO 7424 --- [restartedMain] com.zaxxer.hikari.pool.HikariPool        : HikariPool-1 - Added connection com.mysql.cj.jdbc.ConnectionImpl@4c100375
2023-04-15T00:31:24.362+05:30  INFO 7424 --- [restartedMain] com.zaxxer.hikari.HikariDataSource       : HikariPool-1 - Start completed.
2023-04-15T00:31:24.575+05:30  INFO 7424 --- [restartedMain] SQL dialect                              : HHH000400: Using dialect: org.hibernate.dialect.MySQLDialect
2023-04-15T00:31:27.816+05:30  INFO 7424 --- [restartedMain] o.h.e.t.j.p.i.JtaPlatformInitiator       : HHH000490: Using JtaPlatform implementation: [org.hibernate.engine.transaction.jta.platform.internal.NoJtaPlatform]
2023-04-15T00:31:27.837+05:30  INFO 7424 --- [restartedMain] j.LocalContainerEntityManagerFactoryBean : Initialized JPA EntityManagerFactory for persistence unit 'default'
2023-04-15T00:31:28.794+05:30  WARN 7424 --- [restartedMain] JpaBaseConfiguration$JpaWebConfiguration : spring.jpa.open-in-view is enabled by default. Therefore, database queries may be performed during view rendering. Explicitly configure spring.jpa.open-in-view to disable this warning
2023-04-15T00:31:30.073+05:30  INFO 7424 --- [restartedMain] o.s.b.d.a.OptionalLiveReloadServer       : LiveReload server is running on port 35729
2023-04-15T00:31:30.208+05:30  INFO 7424 --- [restartedMain] o.s.b.w.embedded.tomcat.TomcatWebServer  : Tomcat started on port(s): 8080 (http) with context path ''
2023-04-15T00:31:30.244+05:30  INFO 7424 --- [restartedMain] c.t.b.BlogmanagementApplication          : Started BlogmanagementApplication in 11.729 seconds (process running for 13.718)
2023-04-15T00:31:34.097+05:30  INFO 7424 --- [RMI TCP Connection(2)-127.0.0.1] inMXBeanRegistrar$SpringApplicationAdmin : Application shutdown requested.
2023-04-15T00:31:34.139+05:30  INFO 7424 --- [RMI TCP Connection(2)-127.0.0.1] o.apache.catalina.core.StandardService   : Stopping service [Tomcat]
2023-04-15T00:31:34.159+05:30  INFO 7424 --- [RMI TCP Connection(2)-127.0.0.1] j.LocalContainerEntityManagerFactoryBean : Closing JPA EntityManagerFactory for persistence unit 'default'
2023-04-15T00:31:34.168+05:30  INFO 7424 --- [RMI TCP Connection(2)-127.0.0.1] com.zaxxer.hikari.HikariDataSource       : HikariPool-1 - Shutdown initiated...
2023-04-15T00:31:34.187+05:30  INFO 7424 --- [RMI TCP Connection(2)-127.0.0.1] com.zaxxer.hikari.HikariDataSource       : HikariPool-1 - Shutdown completed.
